#! /usr/bin/vvp
:ivl_version "11.0 (stable)";
:ivl_delay_selection "TYPICAL";
:vpi_time_precision + 0;
:vpi_module "/usr/lib/x86_64-linux-gnu/ivl/system.vpi";
:vpi_module "/usr/lib/x86_64-linux-gnu/ivl/vhdl_sys.vpi";
:vpi_module "/usr/lib/x86_64-linux-gnu/ivl/vhdl_textio.vpi";
:vpi_module "/usr/lib/x86_64-linux-gnu/ivl/v2005_math.vpi";
:vpi_module "/usr/lib/x86_64-linux-gnu/ivl/va_math.vpi";
S_0x55cf6ba36f60 .scope module, "rom6_tb" "rom6_tb" 2 3;
 .timescale 0 0;
P_0x55cf6b9f8ea0 .param/l "SIZE" 0 2 4, +C4<00000000000000000000000000000110>;
v0x55cf6ba4acf0_0 .net "rom_out", 5 0, v0x55cf6b9f7cf0_0;  1 drivers
v0x55cf6ba4ade0_0 .var "sel", 4 0;
S_0x55cf6ba37140 .scope module, "rom1_test" "rom1" 2 9, 3 1 0, S_0x55cf6ba36f60;
 .timescale 0 0;
    .port_info 0 /INPUT 5 "sel";
    .port_info 1 /OUTPUT 6 "out";
P_0x55cf6ba37320 .param/l "SIZE" 0 3 2, +C4<00000000000000000000000000000110>;
v0x55cf6b9f7cf0_0 .var "out", 5 0;
v0x55cf6ba4abb0_0 .net "sel", 4 0, v0x55cf6ba4ade0_0;  1 drivers
E_0x55cf6ba30c20 .event edge, v0x55cf6ba4abb0_0;
    .scope S_0x55cf6ba37140;
T_0 ;
    %wait E_0x55cf6ba30c20;
    %load/vec4 v0x55cf6ba4abb0_0;
    %dup/vec4;
    %pushi/vec4 0, 0, 5;
    %cmp/u;
    %jmp/1 T_0.0, 6;
    %dup/vec4;
    %pushi/vec4 1, 0, 5;
    %cmp/u;
    %jmp/1 T_0.1, 6;
    %dup/vec4;
    %pushi/vec4 2, 0, 5;
    %cmp/u;
    %jmp/1 T_0.2, 6;
    %dup/vec4;
    %pushi/vec4 3, 0, 5;
    %cmp/u;
    %jmp/1 T_0.3, 6;
    %dup/vec4;
    %pushi/vec4 4, 0, 5;
    %cmp/u;
    %jmp/1 T_0.4, 6;
    %dup/vec4;
    %pushi/vec4 5, 0, 5;
    %cmp/u;
    %jmp/1 T_0.5, 6;
    %dup/vec4;
    %pushi/vec4 6, 0, 5;
    %cmp/u;
    %jmp/1 T_0.6, 6;
    %dup/vec4;
    %pushi/vec4 7, 0, 5;
    %cmp/u;
    %jmp/1 T_0.7, 6;
    %dup/vec4;
    %pushi/vec4 8, 0, 5;
    %cmp/u;
    %jmp/1 T_0.8, 6;
    %dup/vec4;
    %pushi/vec4 9, 0, 5;
    %cmp/u;
    %jmp/1 T_0.9, 6;
    %dup/vec4;
    %pushi/vec4 10, 0, 5;
    %cmp/u;
    %jmp/1 T_0.10, 6;
    %dup/vec4;
    %pushi/vec4 11, 0, 5;
    %cmp/u;
    %jmp/1 T_0.11, 6;
    %dup/vec4;
    %pushi/vec4 12, 0, 5;
    %cmp/u;
    %jmp/1 T_0.12, 6;
    %dup/vec4;
    %pushi/vec4 13, 0, 5;
    %cmp/u;
    %jmp/1 T_0.13, 6;
    %dup/vec4;
    %pushi/vec4 14, 0, 5;
    %cmp/u;
    %jmp/1 T_0.14, 6;
    %dup/vec4;
    %pushi/vec4 15, 0, 5;
    %cmp/u;
    %jmp/1 T_0.15, 6;
    %dup/vec4;
    %pushi/vec4 16, 0, 5;
    %cmp/u;
    %jmp/1 T_0.16, 6;
    %dup/vec4;
    %pushi/vec4 17, 0, 5;
    %cmp/u;
    %jmp/1 T_0.17, 6;
    %dup/vec4;
    %pushi/vec4 18, 0, 5;
    %cmp/u;
    %jmp/1 T_0.18, 6;
    %dup/vec4;
    %pushi/vec4 19, 0, 5;
    %cmp/u;
    %jmp/1 T_0.19, 6;
    %dup/vec4;
    %pushi/vec4 20, 0, 5;
    %cmp/u;
    %jmp/1 T_0.20, 6;
    %dup/vec4;
    %pushi/vec4 21, 0, 5;
    %cmp/u;
    %jmp/1 T_0.21, 6;
    %dup/vec4;
    %pushi/vec4 22, 0, 5;
    %cmp/u;
    %jmp/1 T_0.22, 6;
    %dup/vec4;
    %pushi/vec4 23, 0, 5;
    %cmp/u;
    %jmp/1 T_0.23, 6;
    %dup/vec4;
    %pushi/vec4 24, 0, 5;
    %cmp/u;
    %jmp/1 T_0.24, 6;
    %dup/vec4;
    %pushi/vec4 25, 0, 5;
    %cmp/u;
    %jmp/1 T_0.25, 6;
    %dup/vec4;
    %pushi/vec4 26, 0, 5;
    %cmp/u;
    %jmp/1 T_0.26, 6;
    %dup/vec4;
    %pushi/vec4 27, 0, 5;
    %cmp/u;
    %jmp/1 T_0.27, 6;
    %jmp T_0.28;
T_0.0 ;
    %pushi/vec4 1, 0, 6;
    %store/vec4 v0x55cf6b9f7cf0_0, 0, 6;
    %jmp T_0.28;
T_0.1 ;
    %pushi/vec4 3, 0, 6;
    %store/vec4 v0x55cf6b9f7cf0_0, 0, 6;
    %jmp T_0.28;
T_0.2 ;
    %pushi/vec4 4, 0, 6;
    %store/vec4 v0x55cf6b9f7cf0_0, 0, 6;
    %jmp T_0.28;
T_0.3 ;
    %pushi/vec4 8, 0, 6;
    %store/vec4 v0x55cf6b9f7cf0_0, 0, 6;
    %jmp T_0.28;
T_0.4 ;
    %pushi/vec4 10, 0, 6;
    %store/vec4 v0x55cf6b9f7cf0_0, 0, 6;
    %jmp T_0.28;
T_0.5 ;
    %pushi/vec4 13, 0, 6;
    %store/vec4 v0x55cf6b9f7cf0_0, 0, 6;
    %jmp T_0.28;
T_0.6 ;
    %pushi/vec4 15, 0, 6;
    %store/vec4 v0x55cf6b9f7cf0_0, 0, 6;
    %jmp T_0.28;
T_0.7 ;
    %pushi/vec4 17, 0, 6;
    %store/vec4 v0x55cf6b9f7cf0_0, 0, 6;
    %jmp T_0.28;
T_0.8 ;
    %pushi/vec4 19, 0, 6;
    %store/vec4 v0x55cf6b9f7cf0_0, 0, 6;
    %jmp T_0.28;
T_0.9 ;
    %pushi/vec4 20, 0, 6;
    %store/vec4 v0x55cf6b9f7cf0_0, 0, 6;
    %jmp T_0.28;
T_0.10 ;
    %pushi/vec4 24, 0, 6;
    %store/vec4 v0x55cf6b9f7cf0_0, 0, 6;
    %jmp T_0.28;
T_0.11 ;
    %pushi/vec4 26, 0, 6;
    %store/vec4 v0x55cf6b9f7cf0_0, 0, 6;
    %jmp T_0.28;
T_0.12 ;
    %pushi/vec4 29, 0, 6;
    %store/vec4 v0x55cf6b9f7cf0_0, 0, 6;
    %jmp T_0.28;
T_0.13 ;
    %pushi/vec4 31, 0, 6;
    %store/vec4 v0x55cf6b9f7cf0_0, 0, 6;
    %jmp T_0.28;
T_0.14 ;
    %pushi/vec4 33, 0, 6;
    %store/vec4 v0x55cf6b9f7cf0_0, 0, 6;
    %jmp T_0.28;
T_0.15 ;
    %pushi/vec4 35, 0, 6;
    %store/vec4 v0x55cf6b9f7cf0_0, 0, 6;
    %jmp T_0.28;
T_0.16 ;
    %pushi/vec4 36, 0, 6;
    %store/vec4 v0x55cf6b9f7cf0_0, 0, 6;
    %jmp T_0.28;
T_0.17 ;
    %pushi/vec4 40, 0, 6;
    %store/vec4 v0x55cf6b9f7cf0_0, 0, 6;
    %jmp T_0.28;
T_0.18 ;
    %pushi/vec4 42, 0, 6;
    %store/vec4 v0x55cf6b9f7cf0_0, 0, 6;
    %jmp T_0.28;
T_0.19 ;
    %pushi/vec4 45, 0, 6;
    %store/vec4 v0x55cf6b9f7cf0_0, 0, 6;
    %jmp T_0.28;
T_0.20 ;
    %pushi/vec4 47, 0, 6;
    %store/vec4 v0x55cf6b9f7cf0_0, 0, 6;
    %jmp T_0.28;
T_0.21 ;
    %pushi/vec4 49, 0, 6;
    %store/vec4 v0x55cf6b9f7cf0_0, 0, 6;
    %jmp T_0.28;
T_0.22 ;
    %pushi/vec4 51, 0, 6;
    %store/vec4 v0x55cf6b9f7cf0_0, 0, 6;
    %jmp T_0.28;
T_0.23 ;
    %pushi/vec4 52, 0, 6;
    %store/vec4 v0x55cf6b9f7cf0_0, 0, 6;
    %jmp T_0.28;
T_0.24 ;
    %pushi/vec4 56, 0, 6;
    %store/vec4 v0x55cf6b9f7cf0_0, 0, 6;
    %jmp T_0.28;
T_0.25 ;
    %pushi/vec4 58, 0, 6;
    %store/vec4 v0x55cf6b9f7cf0_0, 0, 6;
    %jmp T_0.28;
T_0.26 ;
    %pushi/vec4 61, 0, 6;
    %store/vec4 v0x55cf6b9f7cf0_0, 0, 6;
    %jmp T_0.28;
T_0.27 ;
    %pushi/vec4 63, 0, 6;
    %store/vec4 v0x55cf6b9f7cf0_0, 0, 6;
    %jmp T_0.28;
T_0.28 ;
    %pop/vec4 1;
    %jmp T_0;
    .thread T_0, $push;
    .scope S_0x55cf6ba36f60;
T_1 ;
    %vpi_call 2 12 "$dumpfile", "wave.vcd" {0 0 0};
    %vpi_call 2 13 "$dumpvars", 32'sb00000000000000000000000000000000, S_0x55cf6ba37140 {0 0 0};
    %pushi/vec4 0, 0, 5;
    %store/vec4 v0x55cf6ba4ade0_0, 0, 5;
    %delay 10, 0;
    %pushi/vec4 1, 0, 5;
    %store/vec4 v0x55cf6ba4ade0_0, 0, 5;
    %delay 10, 0;
    %pushi/vec4 2, 0, 5;
    %store/vec4 v0x55cf6ba4ade0_0, 0, 5;
    %delay 10, 0;
    %pushi/vec4 3, 0, 5;
    %store/vec4 v0x55cf6ba4ade0_0, 0, 5;
    %delay 10, 0;
    %pushi/vec4 4, 0, 5;
    %store/vec4 v0x55cf6ba4ade0_0, 0, 5;
    %delay 10, 0;
    %pushi/vec4 11, 0, 5;
    %store/vec4 v0x55cf6ba4ade0_0, 0, 5;
    %delay 10, 0;
    %pushi/vec4 27, 0, 5;
    %store/vec4 v0x55cf6ba4ade0_0, 0, 5;
    %delay 10, 0;
    %end;
    .thread T_1;
# The file index is used to find the file name in the following table.
:file_names 4;
    "N/A";
    "<interactive>";
    "rom1_tb.v";
    "./rom1.v";
