#! /usr/bin/vvp
:ivl_version "11.0 (stable)";
:ivl_delay_selection "TYPICAL";
:vpi_time_precision + 0;
:vpi_module "/usr/lib/x86_64-linux-gnu/ivl/system.vpi";
:vpi_module "/usr/lib/x86_64-linux-gnu/ivl/vhdl_sys.vpi";
:vpi_module "/usr/lib/x86_64-linux-gnu/ivl/vhdl_textio.vpi";
:vpi_module "/usr/lib/x86_64-linux-gnu/ivl/v2005_math.vpi";
:vpi_module "/usr/lib/x86_64-linux-gnu/ivl/va_math.vpi";
S_0x562e038f6650 .scope module, "q1_tb" "q1_tb" 2 3;
 .timescale 0 0;
v0x562e03910980_0 .var "clk", 0 0;
v0x562e03910a40_0 .var "in", 0 0;
v0x562e03910b10_0 .net "out", 0 0, v0x562e03910650_0;  1 drivers
v0x562e03910c10_0 .var "reset", 0 0;
S_0x562e038f67e0 .scope module, "qtb" "q1" 2 7, 3 1 0, S_0x562e038f6650;
 .timescale 0 0;
    .port_info 0 /INPUT 1 "clk";
    .port_info 1 /INPUT 1 "reset";
    .port_info 2 /INPUT 1 "in";
    .port_info 3 /OUTPUT 1 "out";
v0x562e038b6cf0_0 .net "clk", 0 0, v0x562e03910980_0;  1 drivers
v0x562e039104a0_0 .net "in", 0 0, v0x562e03910a40_0;  1 drivers
v0x562e03910560_0 .var "next_state", 2 0;
v0x562e03910650_0 .var "out", 0 0;
v0x562e03910710_0 .net "reset", 0 0, v0x562e03910c10_0;  1 drivers
v0x562e03910820_0 .var "state", 2 0;
E_0x562e038efb00 .event edge, v0x562e039104a0_0, v0x562e03910820_0;
E_0x562e038b7740 .event posedge, v0x562e038b6cf0_0;
    .scope S_0x562e038f67e0;
T_0 ;
    %pushi/vec4 0, 0, 3;
    %store/vec4 v0x562e03910820_0, 0, 3;
    %end;
    .thread T_0;
    .scope S_0x562e038f67e0;
T_1 ;
    %wait E_0x562e038b7740;
    %load/vec4 v0x562e03910710_0;
    %flag_set/vec4 8;
    %jmp/0xz  T_1.0, 8;
    %pushi/vec4 0, 0, 3;
    %store/vec4 v0x562e03910820_0, 0, 3;
    %jmp T_1.1;
T_1.0 ;
    %load/vec4 v0x562e03910560_0;
    %store/vec4 v0x562e03910820_0, 0, 3;
T_1.1 ;
    %jmp T_1;
    .thread T_1;
    .scope S_0x562e038f67e0;
T_2 ;
    %wait E_0x562e038efb00;
    %pushi/vec4 0, 0, 1;
    %store/vec4 v0x562e03910650_0, 0, 1;
    %pushi/vec4 0, 0, 3;
    %store/vec4 v0x562e03910560_0, 0, 3;
    %load/vec4 v0x562e03910820_0;
    %dup/vec4;
    %pushi/vec4 0, 0, 3;
    %cmp/u;
    %jmp/1 T_2.0, 6;
    %dup/vec4;
    %pushi/vec4 1, 0, 3;
    %cmp/u;
    %jmp/1 T_2.1, 6;
    %dup/vec4;
    %pushi/vec4 2, 0, 3;
    %cmp/u;
    %jmp/1 T_2.2, 6;
    %dup/vec4;
    %pushi/vec4 3, 0, 3;
    %cmp/u;
    %jmp/1 T_2.3, 6;
    %dup/vec4;
    %pushi/vec4 4, 0, 3;
    %cmp/u;
    %jmp/1 T_2.4, 6;
    %dup/vec4;
    %pushi/vec4 5, 0, 3;
    %cmp/u;
    %jmp/1 T_2.5, 6;
    %dup/vec4;
    %pushi/vec4 6, 0, 3;
    %cmp/u;
    %jmp/1 T_2.6, 6;
    %dup/vec4;
    %pushi/vec4 7, 0, 3;
    %cmp/u;
    %jmp/1 T_2.7, 6;
    %pushi/vec4 0, 0, 3;
    %store/vec4 v0x562e03910560_0, 0, 3;
    %jmp T_2.9;
T_2.0 ;
    %load/vec4 v0x562e039104a0_0;
    %flag_set/vec4 8;
    %jmp/0xz  T_2.10, 8;
    %pushi/vec4 1, 0, 3;
    %store/vec4 v0x562e03910560_0, 0, 3;
    %jmp T_2.11;
T_2.10 ;
    %pushi/vec4 0, 0, 3;
    %store/vec4 v0x562e03910560_0, 0, 3;
T_2.11 ;
    %jmp T_2.9;
T_2.1 ;
    %load/vec4 v0x562e039104a0_0;
    %flag_set/vec4 8;
    %jmp/0xz  T_2.12, 8;
    %pushi/vec4 1, 0, 3;
    %store/vec4 v0x562e03910560_0, 0, 3;
    %jmp T_2.13;
T_2.12 ;
    %pushi/vec4 2, 0, 3;
    %store/vec4 v0x562e03910560_0, 0, 3;
T_2.13 ;
    %jmp T_2.9;
T_2.2 ;
    %load/vec4 v0x562e039104a0_0;
    %flag_set/vec4 8;
    %jmp/0xz  T_2.14, 8;
    %pushi/vec4 1, 0, 3;
    %store/vec4 v0x562e03910560_0, 0, 3;
    %jmp T_2.15;
T_2.14 ;
    %pushi/vec4 3, 0, 3;
    %store/vec4 v0x562e03910560_0, 0, 3;
T_2.15 ;
    %jmp T_2.9;
T_2.3 ;
    %load/vec4 v0x562e039104a0_0;
    %flag_set/vec4 8;
    %jmp/0xz  T_2.16, 8;
    %pushi/vec4 1, 0, 3;
    %store/vec4 v0x562e03910560_0, 0, 3;
    %jmp T_2.17;
T_2.16 ;
    %pushi/vec4 4, 0, 3;
    %store/vec4 v0x562e03910560_0, 0, 3;
T_2.17 ;
    %jmp T_2.9;
T_2.4 ;
    %load/vec4 v0x562e039104a0_0;
    %flag_set/vec4 8;
    %jmp/0xz  T_2.18, 8;
    %pushi/vec4 1, 0, 3;
    %store/vec4 v0x562e03910560_0, 0, 3;
    %jmp T_2.19;
T_2.18 ;
    %pushi/vec4 5, 0, 3;
    %store/vec4 v0x562e03910560_0, 0, 3;
T_2.19 ;
    %jmp T_2.9;
T_2.5 ;
    %load/vec4 v0x562e039104a0_0;
    %flag_set/vec4 8;
    %jmp/0xz  T_2.20, 8;
    %pushi/vec4 1, 0, 3;
    %store/vec4 v0x562e03910560_0, 0, 3;
    %jmp T_2.21;
T_2.20 ;
    %pushi/vec4 6, 0, 3;
    %store/vec4 v0x562e03910560_0, 0, 3;
T_2.21 ;
    %jmp T_2.9;
T_2.6 ;
    %load/vec4 v0x562e039104a0_0;
    %flag_set/vec4 8;
    %jmp/0xz  T_2.22, 8;
    %pushi/vec4 7, 0, 3;
    %store/vec4 v0x562e03910560_0, 0, 3;
    %jmp T_2.23;
T_2.22 ;
    %pushi/vec4 0, 0, 3;
    %store/vec4 v0x562e03910560_0, 0, 3;
T_2.23 ;
    %jmp T_2.9;
T_2.7 ;
    %pushi/vec4 1, 0, 1;
    %store/vec4 v0x562e03910650_0, 0, 1;
    %load/vec4 v0x562e039104a0_0;
    %flag_set/vec4 8;
    %jmp/0xz  T_2.24, 8;
    %pushi/vec4 1, 0, 3;
    %store/vec4 v0x562e03910560_0, 0, 3;
    %jmp T_2.25;
T_2.24 ;
    %pushi/vec4 2, 0, 3;
    %store/vec4 v0x562e03910560_0, 0, 3;
T_2.25 ;
    %jmp T_2.9;
T_2.9 ;
    %pop/vec4 1;
    %jmp T_2;
    .thread T_2, $push;
    .scope S_0x562e038f6650;
T_3 ;
    %vpi_call 2 15 "$dumpfile", "wave.vcd" {0 0 0};
    %vpi_call 2 16 "$dumpvars", 32'sb00000000000000000000000000000000, S_0x562e038f6650 {0 0 0};
    %pushi/vec4 1, 0, 1;
    %store/vec4 v0x562e03910c10_0, 0, 1;
    %pushi/vec4 0, 0, 1;
    %store/vec4 v0x562e03910a40_0, 0, 1;
    %delay 10, 0;
    %pushi/vec4 0, 0, 1;
    %store/vec4 v0x562e03910c10_0, 0, 1;
    %delay 10, 0;
    %pushi/vec4 1, 0, 1;
    %store/vec4 v0x562e03910a40_0, 0, 1;
    %delay 10, 0;
    %pushi/vec4 0, 0, 1;
    %store/vec4 v0x562e03910a40_0, 0, 1;
    %delay 10, 0;
    %pushi/vec4 0, 0, 1;
    %store/vec4 v0x562e03910a40_0, 0, 1;
    %delay 10, 0;
    %pushi/vec4 0, 0, 1;
    %store/vec4 v0x562e03910a40_0, 0, 1;
    %delay 10, 0;
    %pushi/vec4 0, 0, 1;
    %store/vec4 v0x562e03910a40_0, 0, 1;
    %delay 10, 0;
    %pushi/vec4 0, 0, 1;
    %store/vec4 v0x562e03910a40_0, 0, 1;
    %delay 10, 0;
    %pushi/vec4 1, 0, 1;
    %store/vec4 v0x562e03910a40_0, 0, 1;
    %delay 10, 0;
    %pushi/vec4 0, 0, 1;
    %store/vec4 v0x562e03910a40_0, 0, 1;
    %delay 10, 0;
    %pushi/vec4 0, 0, 1;
    %store/vec4 v0x562e03910a40_0, 0, 1;
    %delay 10, 0;
    %pushi/vec4 0, 0, 1;
    %store/vec4 v0x562e03910a40_0, 0, 1;
    %delay 10, 0;
    %pushi/vec4 0, 0, 1;
    %store/vec4 v0x562e03910a40_0, 0, 1;
    %delay 10, 0;
    %pushi/vec4 0, 0, 1;
    %store/vec4 v0x562e03910a40_0, 0, 1;
    %delay 10, 0;
    %pushi/vec4 1, 0, 1;
    %store/vec4 v0x562e03910a40_0, 0, 1;
    %delay 10, 0;
    %pushi/vec4 0, 0, 1;
    %store/vec4 v0x562e03910a40_0, 0, 1;
    %delay 10, 0;
    %pushi/vec4 1, 0, 1;
    %store/vec4 v0x562e03910a40_0, 0, 1;
    %delay 10, 0;
    %pushi/vec4 1, 0, 1;
    %store/vec4 v0x562e03910a40_0, 0, 1;
    %delay 10, 0;
    %pushi/vec4 1, 0, 1;
    %store/vec4 v0x562e03910a40_0, 0, 1;
    %delay 10, 0;
    %pushi/vec4 0, 0, 1;
    %store/vec4 v0x562e03910a40_0, 0, 1;
    %delay 10, 0;
    %pushi/vec4 0, 0, 1;
    %store/vec4 v0x562e03910a40_0, 0, 1;
    %delay 10, 0;
    %pushi/vec4 0, 0, 1;
    %store/vec4 v0x562e03910a40_0, 0, 1;
    %delay 10, 0;
    %pushi/vec4 0, 0, 1;
    %store/vec4 v0x562e03910a40_0, 0, 1;
    %delay 10, 0;
    %pushi/vec4 0, 0, 1;
    %store/vec4 v0x562e03910a40_0, 0, 1;
    %delay 10, 0;
    %pushi/vec4 1, 0, 1;
    %store/vec4 v0x562e03910a40_0, 0, 1;
    %delay 10, 0;
    %pushi/vec4 1, 0, 1;
    %store/vec4 v0x562e03910a40_0, 0, 1;
    %delay 10, 0;
    %pushi/vec4 1, 0, 1;
    %store/vec4 v0x562e03910a40_0, 0, 1;
    %delay 10, 0;
    %vpi_call 2 72 "$finish" {0 0 0};
    %end;
    .thread T_3;
    .scope S_0x562e038f6650;
T_4 ;
    %delay 5, 0;
    %load/vec4 v0x562e03910980_0;
    %inv;
    %store/vec4 v0x562e03910980_0, 0, 1;
    %jmp T_4;
    .thread T_4;
    .scope S_0x562e038f6650;
T_5 ;
    %pushi/vec4 0, 0, 1;
    %store/vec4 v0x562e03910980_0, 0, 1;
    %end;
    .thread T_5;
# The file index is used to find the file name in the following table.
:file_names 4;
    "N/A";
    "<interactive>";
    "q1_tb.v";
    "./q1.v";
