#! /usr/bin/vvp
:ivl_version "11.0 (stable)";
:ivl_delay_selection "TYPICAL";
:vpi_time_precision + 0;
:vpi_module "/usr/lib/x86_64-linux-gnu/ivl/system.vpi";
:vpi_module "/usr/lib/x86_64-linux-gnu/ivl/vhdl_sys.vpi";
:vpi_module "/usr/lib/x86_64-linux-gnu/ivl/vhdl_textio.vpi";
:vpi_module "/usr/lib/x86_64-linux-gnu/ivl/v2005_math.vpi";
:vpi_module "/usr/lib/x86_64-linux-gnu/ivl/va_math.vpi";
S_0x5642732b98f0 .scope module, "cl_adder_tb" "cl_adder_tb" 2 3;
 .timescale 0 0;
P_0x5642732b9a80 .param/l "SIZE" 0 2 4, +C4<00000000000000000000000000010000>;
v0x564273320a70_0 .var "add1", 15 0;
v0x564273320b50_0 .var "add2", 15 0;
v0x564273320c20_0 .var "c_in", 0 0;
v0x564273320d20_0 .net "c_out", 0 0, L_0x564273337d30;  1 drivers
v0x564273320df0_0 .net "result", 15 0, L_0x564273337c20;  1 drivers
S_0x5642732b9b20 .scope module, "cl_adder_instance" "cl_adder" 2 11, 3 1 0, S_0x5642732b98f0;
 .timescale 0 0;
    .port_info 0 /INPUT 16 "input1";
    .port_info 1 /INPUT 16 "input2";
    .port_info 2 /INPUT 1 "c_in";
    .port_info 3 /OUTPUT 16 "result";
    .port_info 4 /OUTPUT 1 "c_out";
P_0x5642732b9d00 .param/l "SIZE" 0 3 2, +C4<00000000000000000000000000010000>;
L_0x564273337b10 .functor BUFZ 1, v0x564273320c20_0, C4<0>, C4<0>, C4<0>;
L_0x564273337c20 .functor BUFZ 16, L_0x564273336870, C4<0000000000000000>, C4<0000000000000000>, C4<0000000000000000>;
v0x5642733200c0_0 .net *"_ivl_279", 0 0, L_0x564273337b10;  1 drivers
v0x5642733201c0_0 .net "c_in", 0 0, v0x564273320c20_0;  1 drivers
v0x564273320280_0 .net "c_out", 0 0, L_0x564273337d30;  alias, 1 drivers
v0x564273320320_0 .net "input1", 15 0, v0x564273320a70_0;  1 drivers
v0x564273320400_0 .net "input2", 15 0, v0x564273320b50_0;  1 drivers
v0x5642733204e0_0 .net "result", 15 0, L_0x564273337c20;  alias, 1 drivers
v0x5642733205c0_0 .net "w_carry", 16 0, L_0x564273337150;  1 drivers
v0x5642733206a0_0 .net "w_generate", 15 0, L_0x564273335250;  1 drivers
v0x564273320780_0 .net "w_propagate", 15 0, L_0x564273334f00;  1 drivers
v0x5642733208f0_0 .net "w_sum", 15 0, L_0x564273336870;  1 drivers
L_0x564273320e90 .part v0x564273320a70_0, 0, 1;
L_0x564273320fb0 .part v0x564273320b50_0, 0, 1;
L_0x5642733211b0 .part v0x564273320a70_0, 0, 1;
L_0x564273321250 .part v0x564273320b50_0, 0, 1;
L_0x564273321460 .part L_0x564273335250, 0, 1;
L_0x564273321500 .part L_0x564273334f00, 0, 1;
L_0x564273321640 .part L_0x564273337150, 0, 1;
L_0x564273321990 .part L_0x564273337150, 0, 1;
L_0x564273321ad0 .part L_0x564273334f00, 0, 1;
L_0x564273321cd0 .part v0x564273320a70_0, 1, 1;
L_0x564273321e60 .part v0x564273320b50_0, 1, 1;
L_0x564273322000 .part v0x564273320a70_0, 1, 1;
L_0x564273322110 .part v0x564273320b50_0, 1, 1;
L_0x564273322270 .part L_0x564273335250, 1, 1;
L_0x5642733223e0 .part L_0x564273334f00, 1, 1;
L_0x564273322480 .part L_0x564273337150, 1, 1;
L_0x5642733227c0 .part L_0x564273337150, 1, 1;
L_0x5642733228f0 .part L_0x564273334f00, 1, 1;
L_0x564273322b30 .part v0x564273320a70_0, 2, 1;
L_0x564273322bd0 .part v0x564273320b50_0, 2, 1;
L_0x564273322a20 .part v0x564273320a70_0, 2, 1;
L_0x564273322e60 .part v0x564273320b50_0, 2, 1;
L_0x564273323100 .part L_0x564273335250, 2, 1;
L_0x5642733231a0 .part L_0x564273334f00, 2, 1;
L_0x564273323310 .part L_0x564273337150, 2, 1;
L_0x564273323660 .part L_0x564273337150, 2, 1;
L_0x5642733237e0 .part L_0x564273334f00, 2, 1;
L_0x564273323990 .part v0x564273320a70_0, 3, 1;
L_0x564273323b20 .part v0x564273320b50_0, 3, 1;
L_0x564273323d00 .part v0x564273320a70_0, 3, 1;
L_0x564273323ea0 .part v0x564273320b50_0, 3, 1;
L_0x564273324080 .part L_0x564273335250, 3, 1;
L_0x564273324230 .part L_0x564273334f00, 3, 1;
L_0x5642733242d0 .part L_0x564273337150, 3, 1;
L_0x5642733246f0 .part L_0x564273337150, 3, 1;
L_0x564273324790 .part L_0x564273334f00, 3, 1;
L_0x564273324b80 .part v0x564273320a70_0, 4, 1;
L_0x564273324c20 .part v0x564273320b50_0, 4, 1;
L_0x564273324f40 .part v0x564273320a70_0, 4, 1;
L_0x564273324fe0 .part v0x564273320b50_0, 4, 1;
L_0x564273325310 .part L_0x564273335250, 4, 1;
L_0x5642733253b0 .part L_0x564273334f00, 4, 1;
L_0x5642733255b0 .part L_0x564273337150, 4, 1;
L_0x564273325900 .part L_0x564273337150, 4, 1;
L_0x564273325b10 .part L_0x564273334f00, 4, 1;
L_0x564273325cc0 .part v0x564273320a70_0, 5, 1;
L_0x564273325ee0 .part v0x564273320b50_0, 5, 1;
L_0x5642733260c0 .part v0x564273320a70_0, 5, 1;
L_0x5642733262f0 .part v0x564273320b50_0, 5, 1;
L_0x5642733264d0 .part L_0x564273335250, 5, 1;
L_0x564273326710 .part L_0x564273334f00, 5, 1;
L_0x5642733267b0 .part L_0x564273337150, 5, 1;
L_0x564273326cb0 .part L_0x564273337150, 5, 1;
L_0x564273326d50 .part L_0x564273334f00, 5, 1;
L_0x5642733270c0 .part v0x564273320a70_0, 6, 1;
L_0x564273327160 .part v0x564273320b50_0, 6, 1;
L_0x564273327510 .part v0x564273320a70_0, 6, 1;
L_0x5642733275b0 .part v0x564273320b50_0, 6, 1;
L_0x564273327970 .part L_0x564273335250, 6, 1;
L_0x564273327a10 .part L_0x564273334f00, 6, 1;
L_0x564273327ca0 .part L_0x564273337150, 6, 1;
L_0x564273327ff0 .part L_0x564273337150, 6, 1;
L_0x564273328290 .part L_0x564273334f00, 6, 1;
L_0x564273328440 .part v0x564273320a70_0, 7, 1;
L_0x564273328900 .part v0x564273320b50_0, 7, 1;
L_0x564273328cf0 .part v0x564273320a70_0, 7, 1;
L_0x564273328fb0 .part v0x564273320b50_0, 7, 1;
L_0x564273329190 .part L_0x564273335250, 7, 1;
L_0x564273329460 .part L_0x564273334f00, 7, 1;
L_0x564273329500 .part L_0x564273337150, 7, 1;
L_0x564273329a90 .part L_0x564273337150, 7, 1;
L_0x564273329b30 .part L_0x564273334f00, 7, 1;
L_0x56427332a140 .part v0x564273320a70_0, 8, 1;
L_0x56427332a1e0 .part v0x564273320b50_0, 8, 1;
L_0x56427332a620 .part v0x564273320a70_0, 8, 1;
L_0x56427332a6c0 .part v0x564273320b50_0, 8, 1;
L_0x56427332ab10 .part L_0x564273335250, 8, 1;
L_0x56427332abb0 .part L_0x564273334f00, 8, 1;
L_0x56427332aed0 .part L_0x564273337150, 8, 1;
L_0x56427332b220 .part L_0x564273337150, 8, 1;
L_0x56427332b550 .part L_0x564273334f00, 8, 1;
L_0x56427332b700 .part v0x564273320a70_0, 9, 1;
L_0x56427332ba40 .part v0x564273320b50_0, 9, 1;
L_0x56427332bc20 .part v0x564273320a70_0, 9, 1;
L_0x56427332bf70 .part v0x564273320b50_0, 9, 1;
L_0x56427332c150 .part L_0x564273335250, 9, 1;
L_0x56427332c4b0 .part L_0x564273334f00, 9, 1;
L_0x56427332c550 .part L_0x564273337150, 9, 1;
L_0x56427332cb70 .part L_0x564273337150, 9, 1;
L_0x56427332cc10 .part L_0x564273334f00, 9, 1;
L_0x56427332d0a0 .part v0x564273320a70_0, 10, 1;
L_0x56427332d140 .part v0x564273320b50_0, 10, 1;
L_0x56427332d610 .part v0x564273320a70_0, 10, 1;
L_0x56427332d6b0 .part v0x564273320b50_0, 10, 1;
L_0x56427332db90 .part L_0x564273335250, 10, 1;
L_0x56427332dc30 .part L_0x564273334f00, 10, 1;
L_0x56427332dfe0 .part L_0x564273337150, 10, 1;
L_0x56427332e330 .part L_0x564273337150, 10, 1;
L_0x56427332e6f0 .part L_0x564273334f00, 10, 1;
L_0x56427332e8a0 .part v0x564273320a70_0, 11, 1;
L_0x56427332ec70 .part v0x564273320b50_0, 11, 1;
L_0x56427332ee50 .part v0x564273320a70_0, 11, 1;
L_0x56427332f230 .part v0x564273320b50_0, 11, 1;
L_0x56427332f410 .part L_0x564273335250, 11, 1;
L_0x56427332f800 .part L_0x564273334f00, 11, 1;
L_0x56427332f8a0 .part L_0x564273337150, 11, 1;
L_0x56427332ff50 .part L_0x564273337150, 11, 1;
L_0x56427332fff0 .part L_0x564273334f00, 11, 1;
L_0x564273330510 .part v0x564273320a70_0, 12, 1;
L_0x5642733305b0 .part v0x564273320b50_0, 12, 1;
L_0x564273330b10 .part v0x564273320a70_0, 12, 1;
L_0x564273330bb0 .part v0x564273320b50_0, 12, 1;
L_0x564273331120 .part L_0x564273335250, 12, 1;
L_0x5642733311c0 .part L_0x564273334f00, 12, 1;
L_0x564273331600 .part L_0x564273337150, 12, 1;
L_0x564273331950 .part L_0x564273337150, 12, 1;
L_0x564273331da0 .part L_0x564273334f00, 12, 1;
L_0x564273331f50 .part v0x564273320a70_0, 13, 1;
L_0x5642733323b0 .part v0x564273320b50_0, 13, 1;
L_0x564273332590 .part v0x564273320a70_0, 13, 1;
L_0x564273332a00 .part v0x564273320b50_0, 13, 1;
L_0x564273332be0 .part L_0x564273335250, 13, 1;
L_0x564273333060 .part L_0x564273334f00, 13, 1;
L_0x564273333100 .part L_0x564273337150, 13, 1;
L_0x564273333840 .part L_0x564273337150, 13, 1;
L_0x5642733338e0 .part L_0x564273334f00, 13, 1;
L_0x564273333e20 .part v0x564273320a70_0, 14, 1;
L_0x564273333ec0 .part v0x564273320b50_0, 14, 1;
L_0x564273334480 .part v0x564273320a70_0, 14, 1;
L_0x564273334520 .part v0x564273320b50_0, 14, 1;
L_0x564273334b20 .part L_0x564273335250, 14, 1;
L_0x564273334bc0 .part L_0x564273334f00, 14, 1;
L_0x5642733345c0 .part L_0x564273337150, 14, 1;
L_0x564273334910 .part L_0x564273337150, 14, 1;
L_0x5642733350a0 .part L_0x564273334f00, 14, 1;
LS_0x564273335250_0_0 .concat8 [ 1 1 1 1], L_0x5642733210a0, L_0x564273321f90, L_0x564273322d20, L_0x564273323bc0;
LS_0x564273335250_0_4 .concat8 [ 1 1 1 1], L_0x564273324e00, L_0x564273325f80, L_0x5642733273d0, L_0x564273328bb0;
LS_0x564273335250_0_8 .concat8 [ 1 1 1 1], L_0x56427332a4e0, L_0x56427332bae0, L_0x56427332d4d0, L_0x56427332ed10;
LS_0x564273335250_0_12 .concat8 [ 1 1 1 1], L_0x5642733309d0, L_0x564273332450, L_0x564273334370, L_0x564273334da0;
L_0x564273335250 .concat8 [ 4 4 4 4], LS_0x564273335250_0_0, LS_0x564273335250_0_4, LS_0x564273335250_0_8, LS_0x564273335250_0_12;
L_0x564273334c60 .part v0x564273320a70_0, 15, 1;
L_0x564273334d00 .part v0x564273320b50_0, 15, 1;
LS_0x564273334f00_0_0 .concat8 [ 1 1 1 1], L_0x564273321320, L_0x5642733221b0, L_0x564273322fc0, L_0x564273323f40;
LS_0x564273334f00_0_4 .concat8 [ 1 1 1 1], L_0x5642733251d0, L_0x564273326390, L_0x564273327830, L_0x564273329050;
LS_0x564273334f00_0_8 .concat8 [ 1 1 1 1], L_0x56427332a9d0, L_0x56427332c010, L_0x56427332da50, L_0x56427332f2d0;
LS_0x564273334f00_0_12 .concat8 [ 1 1 1 1], L_0x564273330fe0, L_0x564273332aa0, L_0x5642733349e0, L_0x5642733362b0;
L_0x564273334f00 .concat8 [ 4 4 4 4], LS_0x564273334f00_0_0, LS_0x564273334f00_0_4, LS_0x564273334f00_0_8, LS_0x564273334f00_0_12;
L_0x564273336670 .part v0x564273320a70_0, 15, 1;
L_0x564273336210 .part v0x564273320b50_0, 15, 1;
L_0x564273336410 .part L_0x564273335250, 15, 1;
L_0x5642733364b0 .part L_0x564273334f00, 15, 1;
L_0x564273336550 .part L_0x564273337150, 15, 1;
LS_0x564273336870_0_0 .concat8 [ 1 1 1 1], L_0x564273321bc0, L_0x564273322ac0, L_0x564273323880, L_0x564273324a70;
LS_0x564273336870_0_4 .concat8 [ 1 1 1 1], L_0x564273325bb0, L_0x564273326fb0, L_0x564273328330, L_0x56427332a030;
LS_0x564273336870_0_8 .concat8 [ 1 1 1 1], L_0x56427332b5f0, L_0x56427332cf90, L_0x56427332e790, L_0x564273330400;
LS_0x564273336870_0_12 .concat8 [ 1 1 1 1], L_0x564273331e40, L_0x564273322360, L_0x564273335140, L_0x564273337040;
L_0x564273336870 .concat8 [ 4 4 4 4], LS_0x564273336870_0_0, LS_0x564273336870_0_4, LS_0x564273336870_0_8, LS_0x564273336870_0_12;
L_0x564273337660 .part L_0x564273337150, 15, 1;
L_0x564273336fa0 .part L_0x564273334f00, 15, 1;
LS_0x564273337150_0_0 .concat8 [ 1 1 1 1], L_0x564273337b10, L_0x564273321850, L_0x564273322680, L_0x564273323520;
LS_0x564273337150_0_4 .concat8 [ 1 1 1 1], L_0x5642733245b0, L_0x5642733257c0, L_0x564273326b70, L_0x564273327eb0;
LS_0x564273337150_0_8 .concat8 [ 1 1 1 1], L_0x564273329950, L_0x56427332b0e0, L_0x56427332ca30, L_0x56427332e1f0;
LS_0x564273337150_0_12 .concat8 [ 1 1 1 1], L_0x56427332fe10, L_0x564273331810, L_0x564273333700, L_0x5642733347d0;
LS_0x564273337150_0_16 .concat8 [ 1 0 0 0], L_0x564273336760;
LS_0x564273337150_1_0 .concat8 [ 4 4 4 4], LS_0x564273337150_0_0, LS_0x564273337150_0_4, LS_0x564273337150_0_8, LS_0x564273337150_0_12;
LS_0x564273337150_1_4 .concat8 [ 1 0 0 0], LS_0x564273337150_0_16;
L_0x564273337150 .concat8 [ 16 1 0 0], LS_0x564273337150_1_0, LS_0x564273337150_1_4;
L_0x564273337d30 .part L_0x564273337150, 16, 1;
S_0x56427327ccf0 .scope generate, "genblk1[0]" "genblk1[0]" 3 17, 3 17 0, S_0x5642732b9b20;
 .timescale 0 0;
P_0x56427327ced0 .param/l "i" 0 3 17, +C4<00>;
L_0x5642733210a0 .functor AND 1, L_0x564273320e90, L_0x564273320fb0, C4<1>, C4<1>;
L_0x564273321320 .functor XOR 1, L_0x5642733211b0, L_0x564273321250, C4<0>, C4<0>;
L_0x564273321710 .functor AND 1, L_0x564273321500, L_0x564273321640, C4<1>, C4<1>;
L_0x564273321850 .functor OR 1, L_0x564273321460, L_0x564273321710, C4<0>, C4<0>;
L_0x564273321bc0 .functor XOR 1, L_0x564273321990, L_0x564273321ad0, C4<0>, C4<0>;
v0x5642732a9280_0 .net *"_ivl_0", 0 0, L_0x564273320e90;  1 drivers
v0x5642732ae320_0 .net *"_ivl_1", 0 0, L_0x564273320fb0;  1 drivers
v0x5642732aa170_0 .net *"_ivl_10", 0 0, L_0x564273321640;  1 drivers
v0x5642732c0230_0 .net *"_ivl_11", 0 0, L_0x564273321710;  1 drivers
v0x5642732b3a80_0 .net *"_ivl_13", 0 0, L_0x564273321850;  1 drivers
v0x5642732af930_0 .net *"_ivl_15", 0 0, L_0x564273321990;  1 drivers
v0x5642732ab7b0_0 .net *"_ivl_16", 0 0, L_0x564273321ad0;  1 drivers
v0x564273311120_0 .net *"_ivl_17", 0 0, L_0x564273321bc0;  1 drivers
v0x564273311200_0 .net *"_ivl_2", 0 0, L_0x5642733210a0;  1 drivers
v0x5642733112e0_0 .net *"_ivl_4", 0 0, L_0x5642733211b0;  1 drivers
v0x5642733113c0_0 .net *"_ivl_5", 0 0, L_0x564273321250;  1 drivers
v0x5642733114a0_0 .net *"_ivl_6", 0 0, L_0x564273321320;  1 drivers
v0x564273311580_0 .net *"_ivl_8", 0 0, L_0x564273321460;  1 drivers
v0x564273311660_0 .net *"_ivl_9", 0 0, L_0x564273321500;  1 drivers
S_0x564273311740 .scope generate, "genblk1[1]" "genblk1[1]" 3 17, 3 17 0, S_0x5642732b9b20;
 .timescale 0 0;
P_0x564273311910 .param/l "i" 0 3 17, +C4<01>;
L_0x564273321f90 .functor AND 1, L_0x564273321cd0, L_0x564273321e60, C4<1>, C4<1>;
L_0x5642733221b0 .functor XOR 1, L_0x564273322000, L_0x564273322110, C4<0>, C4<0>;
L_0x5642733220a0 .functor AND 1, L_0x5642733223e0, L_0x564273322480, C4<1>, C4<1>;
L_0x564273322680 .functor OR 1, L_0x564273322270, L_0x5642733220a0, C4<0>, C4<0>;
L_0x564273322ac0 .functor XOR 1, L_0x5642733227c0, L_0x5642733228f0, C4<0>, C4<0>;
v0x5642733119d0_0 .net *"_ivl_0", 0 0, L_0x564273321cd0;  1 drivers
v0x564273311ab0_0 .net *"_ivl_1", 0 0, L_0x564273321e60;  1 drivers
v0x564273311b90_0 .net *"_ivl_10", 0 0, L_0x564273322480;  1 drivers
v0x564273311c50_0 .net *"_ivl_11", 0 0, L_0x5642733220a0;  1 drivers
v0x564273311d30_0 .net *"_ivl_13", 0 0, L_0x564273322680;  1 drivers
v0x564273311e60_0 .net *"_ivl_15", 0 0, L_0x5642733227c0;  1 drivers
v0x564273311f40_0 .net *"_ivl_16", 0 0, L_0x5642733228f0;  1 drivers
v0x564273312020_0 .net *"_ivl_17", 0 0, L_0x564273322ac0;  1 drivers
v0x564273312100_0 .net *"_ivl_2", 0 0, L_0x564273321f90;  1 drivers
v0x5642733121e0_0 .net *"_ivl_4", 0 0, L_0x564273322000;  1 drivers
v0x5642733122c0_0 .net *"_ivl_5", 0 0, L_0x564273322110;  1 drivers
v0x5642733123a0_0 .net *"_ivl_6", 0 0, L_0x5642733221b0;  1 drivers
v0x564273312480_0 .net *"_ivl_8", 0 0, L_0x564273322270;  1 drivers
v0x564273312560_0 .net *"_ivl_9", 0 0, L_0x5642733223e0;  1 drivers
S_0x564273312640 .scope generate, "genblk1[2]" "genblk1[2]" 3 17, 3 17 0, S_0x5642732b9b20;
 .timescale 0 0;
P_0x5642733127f0 .param/l "i" 0 3 17, +C4<010>;
L_0x564273322d20 .functor AND 1, L_0x564273322b30, L_0x564273322bd0, C4<1>, C4<1>;
L_0x564273322fc0 .functor XOR 1, L_0x564273322a20, L_0x564273322e60, C4<0>, C4<0>;
L_0x5642733233e0 .functor AND 1, L_0x5642733231a0, L_0x564273323310, C4<1>, C4<1>;
L_0x564273323520 .functor OR 1, L_0x564273323100, L_0x5642733233e0, C4<0>, C4<0>;
L_0x564273323880 .functor XOR 1, L_0x564273323660, L_0x5642733237e0, C4<0>, C4<0>;
v0x5642733128b0_0 .net *"_ivl_0", 0 0, L_0x564273322b30;  1 drivers
v0x564273312990_0 .net *"_ivl_1", 0 0, L_0x564273322bd0;  1 drivers
v0x564273312a70_0 .net *"_ivl_10", 0 0, L_0x564273323310;  1 drivers
v0x564273312b60_0 .net *"_ivl_11", 0 0, L_0x5642733233e0;  1 drivers
v0x564273312c40_0 .net *"_ivl_13", 0 0, L_0x564273323520;  1 drivers
v0x564273312d70_0 .net *"_ivl_15", 0 0, L_0x564273323660;  1 drivers
v0x564273312e50_0 .net *"_ivl_16", 0 0, L_0x5642733237e0;  1 drivers
v0x564273312f30_0 .net *"_ivl_17", 0 0, L_0x564273323880;  1 drivers
v0x564273313010_0 .net *"_ivl_2", 0 0, L_0x564273322d20;  1 drivers
v0x564273313180_0 .net *"_ivl_4", 0 0, L_0x564273322a20;  1 drivers
v0x564273313260_0 .net *"_ivl_5", 0 0, L_0x564273322e60;  1 drivers
v0x564273313340_0 .net *"_ivl_6", 0 0, L_0x564273322fc0;  1 drivers
v0x564273313420_0 .net *"_ivl_8", 0 0, L_0x564273323100;  1 drivers
v0x564273313500_0 .net *"_ivl_9", 0 0, L_0x5642733231a0;  1 drivers
S_0x5642733135e0 .scope generate, "genblk1[3]" "genblk1[3]" 3 17, 3 17 0, S_0x5642732b9b20;
 .timescale 0 0;
P_0x564273313790 .param/l "i" 0 3 17, +C4<011>;
L_0x564273323bc0 .functor AND 1, L_0x564273323990, L_0x564273323b20, C4<1>, C4<1>;
L_0x564273323f40 .functor XOR 1, L_0x564273323d00, L_0x564273323ea0, C4<0>, C4<0>;
L_0x5642733244c0 .functor AND 1, L_0x564273324230, L_0x5642733242d0, C4<1>, C4<1>;
L_0x5642733245b0 .functor OR 1, L_0x564273324080, L_0x5642733244c0, C4<0>, C4<0>;
L_0x564273324a70 .functor XOR 1, L_0x5642733246f0, L_0x564273324790, C4<0>, C4<0>;
v0x564273313870_0 .net *"_ivl_0", 0 0, L_0x564273323990;  1 drivers
v0x564273313950_0 .net *"_ivl_1", 0 0, L_0x564273323b20;  1 drivers
v0x564273313a30_0 .net *"_ivl_10", 0 0, L_0x5642733242d0;  1 drivers
v0x564273313af0_0 .net *"_ivl_11", 0 0, L_0x5642733244c0;  1 drivers
v0x564273313bd0_0 .net *"_ivl_13", 0 0, L_0x5642733245b0;  1 drivers
v0x564273313d00_0 .net *"_ivl_15", 0 0, L_0x5642733246f0;  1 drivers
v0x564273313de0_0 .net *"_ivl_16", 0 0, L_0x564273324790;  1 drivers
v0x564273313ec0_0 .net *"_ivl_17", 0 0, L_0x564273324a70;  1 drivers
v0x564273313fa0_0 .net *"_ivl_2", 0 0, L_0x564273323bc0;  1 drivers
v0x564273314110_0 .net *"_ivl_4", 0 0, L_0x564273323d00;  1 drivers
v0x5642733141f0_0 .net *"_ivl_5", 0 0, L_0x564273323ea0;  1 drivers
v0x5642733142d0_0 .net *"_ivl_6", 0 0, L_0x564273323f40;  1 drivers
v0x5642733143b0_0 .net *"_ivl_8", 0 0, L_0x564273324080;  1 drivers
v0x564273314490_0 .net *"_ivl_9", 0 0, L_0x564273324230;  1 drivers
S_0x564273314570 .scope generate, "genblk1[4]" "genblk1[4]" 3 17, 3 17 0, S_0x5642732b9b20;
 .timescale 0 0;
P_0x564273314770 .param/l "i" 0 3 17, +C4<0100>;
L_0x564273324e00 .functor AND 1, L_0x564273324b80, L_0x564273324c20, C4<1>, C4<1>;
L_0x5642733251d0 .functor XOR 1, L_0x564273324f40, L_0x564273324fe0, C4<0>, C4<0>;
L_0x564273325680 .functor AND 1, L_0x5642733253b0, L_0x5642733255b0, C4<1>, C4<1>;
L_0x5642733257c0 .functor OR 1, L_0x564273325310, L_0x564273325680, C4<0>, C4<0>;
L_0x564273325bb0 .functor XOR 1, L_0x564273325900, L_0x564273325b10, C4<0>, C4<0>;
v0x564273314850_0 .net *"_ivl_0", 0 0, L_0x564273324b80;  1 drivers
v0x564273314930_0 .net *"_ivl_1", 0 0, L_0x564273324c20;  1 drivers
v0x564273314a10_0 .net *"_ivl_10", 0 0, L_0x5642733255b0;  1 drivers
v0x564273314ad0_0 .net *"_ivl_11", 0 0, L_0x564273325680;  1 drivers
v0x564273314bb0_0 .net *"_ivl_13", 0 0, L_0x5642733257c0;  1 drivers
v0x564273314ce0_0 .net *"_ivl_15", 0 0, L_0x564273325900;  1 drivers
v0x564273314dc0_0 .net *"_ivl_16", 0 0, L_0x564273325b10;  1 drivers
v0x564273314ea0_0 .net *"_ivl_17", 0 0, L_0x564273325bb0;  1 drivers
v0x564273314f80_0 .net *"_ivl_2", 0 0, L_0x564273324e00;  1 drivers
v0x5642733150f0_0 .net *"_ivl_4", 0 0, L_0x564273324f40;  1 drivers
v0x5642733151d0_0 .net *"_ivl_5", 0 0, L_0x564273324fe0;  1 drivers
v0x5642733152b0_0 .net *"_ivl_6", 0 0, L_0x5642733251d0;  1 drivers
v0x564273315390_0 .net *"_ivl_8", 0 0, L_0x564273325310;  1 drivers
v0x564273315470_0 .net *"_ivl_9", 0 0, L_0x5642733253b0;  1 drivers
S_0x564273315550 .scope generate, "genblk1[5]" "genblk1[5]" 3 17, 3 17 0, S_0x5642732b9b20;
 .timescale 0 0;
P_0x564273315700 .param/l "i" 0 3 17, +C4<0101>;
L_0x564273325f80 .functor AND 1, L_0x564273325cc0, L_0x564273325ee0, C4<1>, C4<1>;
L_0x564273326390 .functor XOR 1, L_0x5642733260c0, L_0x5642733262f0, C4<0>, C4<0>;
L_0x564273326a30 .functor AND 1, L_0x564273326710, L_0x5642733267b0, C4<1>, C4<1>;
L_0x564273326b70 .functor OR 1, L_0x5642733264d0, L_0x564273326a30, C4<0>, C4<0>;
L_0x564273326fb0 .functor XOR 1, L_0x564273326cb0, L_0x564273326d50, C4<0>, C4<0>;
v0x5642733157e0_0 .net *"_ivl_0", 0 0, L_0x564273325cc0;  1 drivers
v0x5642733158c0_0 .net *"_ivl_1", 0 0, L_0x564273325ee0;  1 drivers
v0x5642733159a0_0 .net *"_ivl_10", 0 0, L_0x5642733267b0;  1 drivers
v0x564273315a60_0 .net *"_ivl_11", 0 0, L_0x564273326a30;  1 drivers
v0x564273315b40_0 .net *"_ivl_13", 0 0, L_0x564273326b70;  1 drivers
v0x564273315c70_0 .net *"_ivl_15", 0 0, L_0x564273326cb0;  1 drivers
v0x564273315d50_0 .net *"_ivl_16", 0 0, L_0x564273326d50;  1 drivers
v0x564273315e30_0 .net *"_ivl_17", 0 0, L_0x564273326fb0;  1 drivers
v0x564273315f10_0 .net *"_ivl_2", 0 0, L_0x564273325f80;  1 drivers
v0x564273316080_0 .net *"_ivl_4", 0 0, L_0x5642733260c0;  1 drivers
v0x564273316160_0 .net *"_ivl_5", 0 0, L_0x5642733262f0;  1 drivers
v0x564273316240_0 .net *"_ivl_6", 0 0, L_0x564273326390;  1 drivers
v0x564273316320_0 .net *"_ivl_8", 0 0, L_0x5642733264d0;  1 drivers
v0x564273316400_0 .net *"_ivl_9", 0 0, L_0x564273326710;  1 drivers
S_0x5642733164e0 .scope generate, "genblk1[6]" "genblk1[6]" 3 17, 3 17 0, S_0x5642732b9b20;
 .timescale 0 0;
P_0x564273316690 .param/l "i" 0 3 17, +C4<0110>;
L_0x5642733273d0 .functor AND 1, L_0x5642733270c0, L_0x564273327160, C4<1>, C4<1>;
L_0x564273327830 .functor XOR 1, L_0x564273327510, L_0x5642733275b0, C4<0>, C4<0>;
L_0x564273327d70 .functor AND 1, L_0x564273327a10, L_0x564273327ca0, C4<1>, C4<1>;
L_0x564273327eb0 .functor OR 1, L_0x564273327970, L_0x564273327d70, C4<0>, C4<0>;
L_0x564273328330 .functor XOR 1, L_0x564273327ff0, L_0x564273328290, C4<0>, C4<0>;
v0x564273316770_0 .net *"_ivl_0", 0 0, L_0x5642733270c0;  1 drivers
v0x564273316850_0 .net *"_ivl_1", 0 0, L_0x564273327160;  1 drivers
v0x564273316930_0 .net *"_ivl_10", 0 0, L_0x564273327ca0;  1 drivers
v0x5642733169f0_0 .net *"_ivl_11", 0 0, L_0x564273327d70;  1 drivers
v0x564273316ad0_0 .net *"_ivl_13", 0 0, L_0x564273327eb0;  1 drivers
v0x564273316c00_0 .net *"_ivl_15", 0 0, L_0x564273327ff0;  1 drivers
v0x564273316ce0_0 .net *"_ivl_16", 0 0, L_0x564273328290;  1 drivers
v0x564273316dc0_0 .net *"_ivl_17", 0 0, L_0x564273328330;  1 drivers
v0x564273316ea0_0 .net *"_ivl_2", 0 0, L_0x5642733273d0;  1 drivers
v0x564273317010_0 .net *"_ivl_4", 0 0, L_0x564273327510;  1 drivers
v0x5642733170f0_0 .net *"_ivl_5", 0 0, L_0x5642733275b0;  1 drivers
v0x5642733171d0_0 .net *"_ivl_6", 0 0, L_0x564273327830;  1 drivers
v0x5642733172b0_0 .net *"_ivl_8", 0 0, L_0x564273327970;  1 drivers
v0x564273317390_0 .net *"_ivl_9", 0 0, L_0x564273327a10;  1 drivers
S_0x564273317470 .scope generate, "genblk1[7]" "genblk1[7]" 3 17, 3 17 0, S_0x5642732b9b20;
 .timescale 0 0;
P_0x564273317620 .param/l "i" 0 3 17, +C4<0111>;
L_0x564273328bb0 .functor AND 1, L_0x564273328440, L_0x564273328900, C4<1>, C4<1>;
L_0x564273329050 .functor XOR 1, L_0x564273328cf0, L_0x564273328fb0, C4<0>, C4<0>;
L_0x564273329810 .functor AND 1, L_0x564273329460, L_0x564273329500, C4<1>, C4<1>;
L_0x564273329950 .functor OR 1, L_0x564273329190, L_0x564273329810, C4<0>, C4<0>;
L_0x56427332a030 .functor XOR 1, L_0x564273329a90, L_0x564273329b30, C4<0>, C4<0>;
v0x564273317700_0 .net *"_ivl_0", 0 0, L_0x564273328440;  1 drivers
v0x5642733177e0_0 .net *"_ivl_1", 0 0, L_0x564273328900;  1 drivers
v0x5642733178c0_0 .net *"_ivl_10", 0 0, L_0x564273329500;  1 drivers
v0x564273317980_0 .net *"_ivl_11", 0 0, L_0x564273329810;  1 drivers
v0x564273317a60_0 .net *"_ivl_13", 0 0, L_0x564273329950;  1 drivers
v0x564273317b90_0 .net *"_ivl_15", 0 0, L_0x564273329a90;  1 drivers
v0x564273317c70_0 .net *"_ivl_16", 0 0, L_0x564273329b30;  1 drivers
v0x564273317d50_0 .net *"_ivl_17", 0 0, L_0x56427332a030;  1 drivers
v0x564273317e30_0 .net *"_ivl_2", 0 0, L_0x564273328bb0;  1 drivers
v0x564273317fa0_0 .net *"_ivl_4", 0 0, L_0x564273328cf0;  1 drivers
v0x564273318080_0 .net *"_ivl_5", 0 0, L_0x564273328fb0;  1 drivers
v0x564273318160_0 .net *"_ivl_6", 0 0, L_0x564273329050;  1 drivers
v0x564273318240_0 .net *"_ivl_8", 0 0, L_0x564273329190;  1 drivers
v0x564273318320_0 .net *"_ivl_9", 0 0, L_0x564273329460;  1 drivers
S_0x564273318400 .scope generate, "genblk1[8]" "genblk1[8]" 3 17, 3 17 0, S_0x5642732b9b20;
 .timescale 0 0;
P_0x564273314720 .param/l "i" 0 3 17, +C4<01000>;
L_0x56427332a4e0 .functor AND 1, L_0x56427332a140, L_0x56427332a1e0, C4<1>, C4<1>;
L_0x56427332a9d0 .functor XOR 1, L_0x56427332a620, L_0x56427332a6c0, C4<0>, C4<0>;
L_0x56427332afa0 .functor AND 1, L_0x56427332abb0, L_0x56427332aed0, C4<1>, C4<1>;
L_0x56427332b0e0 .functor OR 1, L_0x56427332ab10, L_0x56427332afa0, C4<0>, C4<0>;
L_0x56427332b5f0 .functor XOR 1, L_0x56427332b220, L_0x56427332b550, C4<0>, C4<0>;
v0x5642733186d0_0 .net *"_ivl_0", 0 0, L_0x56427332a140;  1 drivers
v0x5642733187b0_0 .net *"_ivl_1", 0 0, L_0x56427332a1e0;  1 drivers
v0x564273318890_0 .net *"_ivl_10", 0 0, L_0x56427332aed0;  1 drivers
v0x564273318950_0 .net *"_ivl_11", 0 0, L_0x56427332afa0;  1 drivers
v0x564273318a30_0 .net *"_ivl_13", 0 0, L_0x56427332b0e0;  1 drivers
v0x564273318b60_0 .net *"_ivl_15", 0 0, L_0x56427332b220;  1 drivers
v0x564273318c40_0 .net *"_ivl_16", 0 0, L_0x56427332b550;  1 drivers
v0x564273318d20_0 .net *"_ivl_17", 0 0, L_0x56427332b5f0;  1 drivers
v0x564273318e00_0 .net *"_ivl_2", 0 0, L_0x56427332a4e0;  1 drivers
v0x564273318f70_0 .net *"_ivl_4", 0 0, L_0x56427332a620;  1 drivers
v0x564273319050_0 .net *"_ivl_5", 0 0, L_0x56427332a6c0;  1 drivers
v0x564273319130_0 .net *"_ivl_6", 0 0, L_0x56427332a9d0;  1 drivers
v0x564273319210_0 .net *"_ivl_8", 0 0, L_0x56427332ab10;  1 drivers
v0x5642733192f0_0 .net *"_ivl_9", 0 0, L_0x56427332abb0;  1 drivers
S_0x5642733193d0 .scope generate, "genblk1[9]" "genblk1[9]" 3 17, 3 17 0, S_0x5642732b9b20;
 .timescale 0 0;
P_0x564273319580 .param/l "i" 0 3 17, +C4<01001>;
L_0x56427332bae0 .functor AND 1, L_0x56427332b700, L_0x56427332ba40, C4<1>, C4<1>;
L_0x56427332c010 .functor XOR 1, L_0x56427332bc20, L_0x56427332bf70, C4<0>, C4<0>;
L_0x56427332c8f0 .functor AND 1, L_0x56427332c4b0, L_0x56427332c550, C4<1>, C4<1>;
L_0x56427332ca30 .functor OR 1, L_0x56427332c150, L_0x56427332c8f0, C4<0>, C4<0>;
L_0x56427332cf90 .functor XOR 1, L_0x56427332cb70, L_0x56427332cc10, C4<0>, C4<0>;
v0x564273319660_0 .net *"_ivl_0", 0 0, L_0x56427332b700;  1 drivers
v0x564273319740_0 .net *"_ivl_1", 0 0, L_0x56427332ba40;  1 drivers
v0x564273319820_0 .net *"_ivl_10", 0 0, L_0x56427332c550;  1 drivers
v0x5642733198e0_0 .net *"_ivl_11", 0 0, L_0x56427332c8f0;  1 drivers
v0x5642733199c0_0 .net *"_ivl_13", 0 0, L_0x56427332ca30;  1 drivers
v0x564273319af0_0 .net *"_ivl_15", 0 0, L_0x56427332cb70;  1 drivers
v0x564273319bd0_0 .net *"_ivl_16", 0 0, L_0x56427332cc10;  1 drivers
v0x564273319cb0_0 .net *"_ivl_17", 0 0, L_0x56427332cf90;  1 drivers
v0x564273319d90_0 .net *"_ivl_2", 0 0, L_0x56427332bae0;  1 drivers
v0x564273319f00_0 .net *"_ivl_4", 0 0, L_0x56427332bc20;  1 drivers
v0x564273319fe0_0 .net *"_ivl_5", 0 0, L_0x56427332bf70;  1 drivers
v0x56427331a0c0_0 .net *"_ivl_6", 0 0, L_0x56427332c010;  1 drivers
v0x56427331a1a0_0 .net *"_ivl_8", 0 0, L_0x56427332c150;  1 drivers
v0x56427331a280_0 .net *"_ivl_9", 0 0, L_0x56427332c4b0;  1 drivers
S_0x56427331a360 .scope generate, "genblk1[10]" "genblk1[10]" 3 17, 3 17 0, S_0x5642732b9b20;
 .timescale 0 0;
P_0x56427331a510 .param/l "i" 0 3 17, +C4<01010>;
L_0x56427332d4d0 .functor AND 1, L_0x56427332d0a0, L_0x56427332d140, C4<1>, C4<1>;
L_0x56427332da50 .functor XOR 1, L_0x56427332d610, L_0x56427332d6b0, C4<0>, C4<0>;
L_0x56427332e0b0 .functor AND 1, L_0x56427332dc30, L_0x56427332dfe0, C4<1>, C4<1>;
L_0x56427332e1f0 .functor OR 1, L_0x56427332db90, L_0x56427332e0b0, C4<0>, C4<0>;
L_0x56427332e790 .functor XOR 1, L_0x56427332e330, L_0x56427332e6f0, C4<0>, C4<0>;
v0x56427331a5f0_0 .net *"_ivl_0", 0 0, L_0x56427332d0a0;  1 drivers
v0x56427331a6d0_0 .net *"_ivl_1", 0 0, L_0x56427332d140;  1 drivers
v0x56427331a7b0_0 .net *"_ivl_10", 0 0, L_0x56427332dfe0;  1 drivers
v0x56427331a870_0 .net *"_ivl_11", 0 0, L_0x56427332e0b0;  1 drivers
v0x56427331a950_0 .net *"_ivl_13", 0 0, L_0x56427332e1f0;  1 drivers
v0x56427331aa80_0 .net *"_ivl_15", 0 0, L_0x56427332e330;  1 drivers
v0x56427331ab60_0 .net *"_ivl_16", 0 0, L_0x56427332e6f0;  1 drivers
v0x56427331ac40_0 .net *"_ivl_17", 0 0, L_0x56427332e790;  1 drivers
v0x56427331ad20_0 .net *"_ivl_2", 0 0, L_0x56427332d4d0;  1 drivers
v0x56427331ae90_0 .net *"_ivl_4", 0 0, L_0x56427332d610;  1 drivers
v0x56427331af70_0 .net *"_ivl_5", 0 0, L_0x56427332d6b0;  1 drivers
v0x56427331b050_0 .net *"_ivl_6", 0 0, L_0x56427332da50;  1 drivers
v0x56427331b130_0 .net *"_ivl_8", 0 0, L_0x56427332db90;  1 drivers
v0x56427331b210_0 .net *"_ivl_9", 0 0, L_0x56427332dc30;  1 drivers
S_0x56427331b2f0 .scope generate, "genblk1[11]" "genblk1[11]" 3 17, 3 17 0, S_0x5642732b9b20;
 .timescale 0 0;
P_0x56427331b4a0 .param/l "i" 0 3 17, +C4<01011>;
L_0x56427332ed10 .functor AND 1, L_0x56427332e8a0, L_0x56427332ec70, C4<1>, C4<1>;
L_0x56427332f2d0 .functor XOR 1, L_0x56427332ee50, L_0x56427332f230, C4<0>, C4<0>;
L_0x56427332fcd0 .functor AND 1, L_0x56427332f800, L_0x56427332f8a0, C4<1>, C4<1>;
L_0x56427332fe10 .functor OR 1, L_0x56427332f410, L_0x56427332fcd0, C4<0>, C4<0>;
L_0x564273330400 .functor XOR 1, L_0x56427332ff50, L_0x56427332fff0, C4<0>, C4<0>;
v0x56427331b580_0 .net *"_ivl_0", 0 0, L_0x56427332e8a0;  1 drivers
v0x56427331b660_0 .net *"_ivl_1", 0 0, L_0x56427332ec70;  1 drivers
v0x56427331b740_0 .net *"_ivl_10", 0 0, L_0x56427332f8a0;  1 drivers
v0x56427331b800_0 .net *"_ivl_11", 0 0, L_0x56427332fcd0;  1 drivers
v0x56427331b8e0_0 .net *"_ivl_13", 0 0, L_0x56427332fe10;  1 drivers
v0x56427331ba10_0 .net *"_ivl_15", 0 0, L_0x56427332ff50;  1 drivers
v0x56427331baf0_0 .net *"_ivl_16", 0 0, L_0x56427332fff0;  1 drivers
v0x56427331bbd0_0 .net *"_ivl_17", 0 0, L_0x564273330400;  1 drivers
v0x56427331bcb0_0 .net *"_ivl_2", 0 0, L_0x56427332ed10;  1 drivers
v0x56427331be20_0 .net *"_ivl_4", 0 0, L_0x56427332ee50;  1 drivers
v0x56427331bf00_0 .net *"_ivl_5", 0 0, L_0x56427332f230;  1 drivers
v0x56427331bfe0_0 .net *"_ivl_6", 0 0, L_0x56427332f2d0;  1 drivers
v0x56427331c0c0_0 .net *"_ivl_8", 0 0, L_0x56427332f410;  1 drivers
v0x56427331c1a0_0 .net *"_ivl_9", 0 0, L_0x56427332f800;  1 drivers
S_0x56427331c280 .scope generate, "genblk1[12]" "genblk1[12]" 3 17, 3 17 0, S_0x5642732b9b20;
 .timescale 0 0;
P_0x56427331c430 .param/l "i" 0 3 17, +C4<01100>;
L_0x5642733309d0 .functor AND 1, L_0x564273330510, L_0x5642733305b0, C4<1>, C4<1>;
L_0x564273330fe0 .functor XOR 1, L_0x564273330b10, L_0x564273330bb0, C4<0>, C4<0>;
L_0x5642733316d0 .functor AND 1, L_0x5642733311c0, L_0x564273331600, C4<1>, C4<1>;
L_0x564273331810 .functor OR 1, L_0x564273331120, L_0x5642733316d0, C4<0>, C4<0>;
L_0x564273331e40 .functor XOR 1, L_0x564273331950, L_0x564273331da0, C4<0>, C4<0>;
v0x56427331c510_0 .net *"_ivl_0", 0 0, L_0x564273330510;  1 drivers
v0x56427331c5f0_0 .net *"_ivl_1", 0 0, L_0x5642733305b0;  1 drivers
v0x56427331c6d0_0 .net *"_ivl_10", 0 0, L_0x564273331600;  1 drivers
v0x56427331c790_0 .net *"_ivl_11", 0 0, L_0x5642733316d0;  1 drivers
v0x56427331c870_0 .net *"_ivl_13", 0 0, L_0x564273331810;  1 drivers
v0x56427331c9a0_0 .net *"_ivl_15", 0 0, L_0x564273331950;  1 drivers
v0x56427331ca80_0 .net *"_ivl_16", 0 0, L_0x564273331da0;  1 drivers
v0x56427331cb60_0 .net *"_ivl_17", 0 0, L_0x564273331e40;  1 drivers
v0x56427331cc40_0 .net *"_ivl_2", 0 0, L_0x5642733309d0;  1 drivers
v0x56427331cdb0_0 .net *"_ivl_4", 0 0, L_0x564273330b10;  1 drivers
v0x56427331ce90_0 .net *"_ivl_5", 0 0, L_0x564273330bb0;  1 drivers
v0x56427331cf70_0 .net *"_ivl_6", 0 0, L_0x564273330fe0;  1 drivers
v0x56427331d050_0 .net *"_ivl_8", 0 0, L_0x564273331120;  1 drivers
v0x56427331d130_0 .net *"_ivl_9", 0 0, L_0x5642733311c0;  1 drivers
S_0x56427331d210 .scope generate, "genblk1[13]" "genblk1[13]" 3 17, 3 17 0, S_0x5642732b9b20;
 .timescale 0 0;
P_0x56427331d3c0 .param/l "i" 0 3 17, +C4<01101>;
L_0x564273332450 .functor AND 1, L_0x564273331f50, L_0x5642733323b0, C4<1>, C4<1>;
L_0x564273332aa0 .functor XOR 1, L_0x564273332590, L_0x564273332a00, C4<0>, C4<0>;
L_0x5642733335c0 .functor AND 1, L_0x564273333060, L_0x564273333100, C4<1>, C4<1>;
L_0x564273333700 .functor OR 1, L_0x564273332be0, L_0x5642733335c0, C4<0>, C4<0>;
L_0x564273322360 .functor XOR 1, L_0x564273333840, L_0x5642733338e0, C4<0>, C4<0>;
v0x56427331d4a0_0 .net *"_ivl_0", 0 0, L_0x564273331f50;  1 drivers
v0x56427331d580_0 .net *"_ivl_1", 0 0, L_0x5642733323b0;  1 drivers
v0x56427331d660_0 .net *"_ivl_10", 0 0, L_0x564273333100;  1 drivers
v0x56427331d720_0 .net *"_ivl_11", 0 0, L_0x5642733335c0;  1 drivers
v0x56427331d800_0 .net *"_ivl_13", 0 0, L_0x564273333700;  1 drivers
v0x56427331d930_0 .net *"_ivl_15", 0 0, L_0x564273333840;  1 drivers
v0x56427331da10_0 .net *"_ivl_16", 0 0, L_0x5642733338e0;  1 drivers
v0x56427331daf0_0 .net *"_ivl_17", 0 0, L_0x564273322360;  1 drivers
v0x56427331dbd0_0 .net *"_ivl_2", 0 0, L_0x564273332450;  1 drivers
v0x56427331dd40_0 .net *"_ivl_4", 0 0, L_0x564273332590;  1 drivers
v0x56427331de20_0 .net *"_ivl_5", 0 0, L_0x564273332a00;  1 drivers
v0x56427331df00_0 .net *"_ivl_6", 0 0, L_0x564273332aa0;  1 drivers
v0x56427331dfe0_0 .net *"_ivl_8", 0 0, L_0x564273332be0;  1 drivers
v0x56427331e0c0_0 .net *"_ivl_9", 0 0, L_0x564273333060;  1 drivers
S_0x56427331e1a0 .scope generate, "genblk1[14]" "genblk1[14]" 3 17, 3 17 0, S_0x5642732b9b20;
 .timescale 0 0;
P_0x56427331e350 .param/l "i" 0 3 17, +C4<01110>;
L_0x564273334370 .functor AND 1, L_0x564273333e20, L_0x564273333ec0, C4<1>, C4<1>;
L_0x5642733349e0 .functor XOR 1, L_0x564273334480, L_0x564273334520, C4<0>, C4<0>;
L_0x564273334690 .functor AND 1, L_0x564273334bc0, L_0x5642733345c0, C4<1>, C4<1>;
L_0x5642733347d0 .functor OR 1, L_0x564273334b20, L_0x564273334690, C4<0>, C4<0>;
L_0x564273335140 .functor XOR 1, L_0x564273334910, L_0x5642733350a0, C4<0>, C4<0>;
v0x56427331e430_0 .net *"_ivl_0", 0 0, L_0x564273333e20;  1 drivers
v0x56427331e510_0 .net *"_ivl_1", 0 0, L_0x564273333ec0;  1 drivers
v0x56427331e5f0_0 .net *"_ivl_10", 0 0, L_0x5642733345c0;  1 drivers
v0x56427331e6b0_0 .net *"_ivl_11", 0 0, L_0x564273334690;  1 drivers
v0x56427331e790_0 .net *"_ivl_13", 0 0, L_0x5642733347d0;  1 drivers
v0x56427331e8c0_0 .net *"_ivl_15", 0 0, L_0x564273334910;  1 drivers
v0x56427331e9a0_0 .net *"_ivl_16", 0 0, L_0x5642733350a0;  1 drivers
v0x56427331ea80_0 .net *"_ivl_17", 0 0, L_0x564273335140;  1 drivers
v0x56427331eb60_0 .net *"_ivl_2", 0 0, L_0x564273334370;  1 drivers
v0x56427331ecd0_0 .net *"_ivl_4", 0 0, L_0x564273334480;  1 drivers
v0x56427331edb0_0 .net *"_ivl_5", 0 0, L_0x564273334520;  1 drivers
v0x56427331ee90_0 .net *"_ivl_6", 0 0, L_0x5642733349e0;  1 drivers
v0x56427331ef70_0 .net *"_ivl_8", 0 0, L_0x564273334b20;  1 drivers
v0x56427331f050_0 .net *"_ivl_9", 0 0, L_0x564273334bc0;  1 drivers
S_0x56427331f130 .scope generate, "genblk1[15]" "genblk1[15]" 3 17, 3 17 0, S_0x5642732b9b20;
 .timescale 0 0;
P_0x56427331f2e0 .param/l "i" 0 3 17, +C4<01111>;
L_0x564273334da0 .functor AND 1, L_0x564273334c60, L_0x564273334d00, C4<1>, C4<1>;
L_0x5642733362b0 .functor XOR 1, L_0x564273336670, L_0x564273336210, C4<0>, C4<0>;
L_0x5642733365f0 .functor AND 1, L_0x5642733364b0, L_0x564273336550, C4<1>, C4<1>;
L_0x564273336760 .functor OR 1, L_0x564273336410, L_0x5642733365f0, C4<0>, C4<0>;
L_0x564273337040 .functor XOR 1, L_0x564273337660, L_0x564273336fa0, C4<0>, C4<0>;
v0x56427331f3c0_0 .net *"_ivl_0", 0 0, L_0x564273334c60;  1 drivers
v0x56427331f4a0_0 .net *"_ivl_1", 0 0, L_0x564273334d00;  1 drivers
v0x56427331f580_0 .net *"_ivl_10", 0 0, L_0x564273336550;  1 drivers
v0x56427331f640_0 .net *"_ivl_11", 0 0, L_0x5642733365f0;  1 drivers
v0x56427331f720_0 .net *"_ivl_13", 0 0, L_0x564273336760;  1 drivers
v0x56427331f850_0 .net *"_ivl_15", 0 0, L_0x564273337660;  1 drivers
v0x56427331f930_0 .net *"_ivl_16", 0 0, L_0x564273336fa0;  1 drivers
v0x56427331fa10_0 .net *"_ivl_17", 0 0, L_0x564273337040;  1 drivers
v0x56427331faf0_0 .net *"_ivl_2", 0 0, L_0x564273334da0;  1 drivers
v0x56427331fc60_0 .net *"_ivl_4", 0 0, L_0x564273336670;  1 drivers
v0x56427331fd40_0 .net *"_ivl_5", 0 0, L_0x564273336210;  1 drivers
v0x56427331fe20_0 .net *"_ivl_6", 0 0, L_0x5642733362b0;  1 drivers
v0x56427331ff00_0 .net *"_ivl_8", 0 0, L_0x564273336410;  1 drivers
v0x56427331ffe0_0 .net *"_ivl_9", 0 0, L_0x5642733364b0;  1 drivers
    .scope S_0x5642732b98f0;
T_0 ;
    %vpi_call 2 14 "$dumpfile", "wave.vcd" {0 0 0};
    %vpi_call 2 15 "$dumpvars", 32'sb00000000000000000000000000000000, S_0x5642732b98f0 {0 0 0};
    %pushi/vec4 65280, 0, 16;
    %store/vec4 v0x564273320a70_0, 0, 16;
    %pushi/vec4 255, 0, 16;
    %store/vec4 v0x564273320b50_0, 0, 16;
    %pushi/vec4 0, 0, 1;
    %store/vec4 v0x564273320c20_0, 0, 1;
    %delay 50, 0;
    %pushi/vec4 65280, 0, 16;
    %store/vec4 v0x564273320a70_0, 0, 16;
    %pushi/vec4 255, 0, 16;
    %store/vec4 v0x564273320b50_0, 0, 16;
    %pushi/vec4 1, 0, 1;
    %store/vec4 v0x564273320c20_0, 0, 1;
    %delay 50, 0;
    %pushi/vec4 963, 0, 16;
    %store/vec4 v0x564273320a70_0, 0, 16;
    %pushi/vec4 207, 0, 16;
    %store/vec4 v0x564273320b50_0, 0, 16;
    %pushi/vec4 1, 0, 1;
    %store/vec4 v0x564273320c20_0, 0, 1;
    %delay 50, 0;
    %end;
    .thread T_0;
# The file index is used to find the file name in the following table.
:file_names 4;
    "N/A";
    "<interactive>";
    "lookahead_adder_tb.v";
    "./lookahead_adder.v";
