#! /usr/bin/vvp
:ivl_version "11.0 (stable)";
:ivl_delay_selection "TYPICAL";
:vpi_time_precision + 0;
:vpi_module "/usr/lib/x86_64-linux-gnu/ivl/system.vpi";
:vpi_module "/usr/lib/x86_64-linux-gnu/ivl/vhdl_sys.vpi";
:vpi_module "/usr/lib/x86_64-linux-gnu/ivl/vhdl_textio.vpi";
:vpi_module "/usr/lib/x86_64-linux-gnu/ivl/v2005_math.vpi";
:vpi_module "/usr/lib/x86_64-linux-gnu/ivl/va_math.vpi";
S_0x55c61debcb70 .scope module, "alu_tb" "alu_tb" 2 3;
 .timescale 0 0;
P_0x55c61de7eea0 .param/l "SIZE" 0 2 4, +C4<00000000000000000000000000001000>;
v0x55c61ded6c60_0 .var "a", 7 0;
v0x55c61ded6d40_0 .var "b", 7 0;
v0x55c61ded6e10_0 .net "cout", 0 0, v0x55c61ded6720_0;  1 drivers
v0x55c61ded6f10_0 .var "op", 3 0;
v0x55c61ded6fe0_0 .net "ov", 0 0, v0x55c61ded68d0_0;  1 drivers
v0x55c61ded70d0_0 .net "result", 7 0, v0x55c61ded69e0_0;  1 drivers
v0x55c61ded71a0_0 .net "sign", 0 0, v0x55c61ded6ac0_0;  1 drivers
S_0x55c61debcd50 .scope module, "alu_instance" "alu" 2 12, 3 1 0, S_0x55c61debcb70;
 .timescale 0 0;
    .port_info 0 /INPUT 4 "op";
    .port_info 1 /INPUT 8 "a";
    .port_info 2 /INPUT 8 "b";
    .port_info 3 /OUTPUT 8 "result";
    .port_info 4 /OUTPUT 1 "cout";
    .port_info 5 /OUTPUT 1 "ov";
    .port_info 6 /OUTPUT 1 "sign";
P_0x55c61debd050 .param/l "SIZE" 0 3 2, +C4<00000000000000000000000000001000>;
v0x55c61de7dda0_0 .net "a", 7 0, v0x55c61ded6c60_0;  1 drivers
v0x55c61ded6640_0 .net "b", 7 0, v0x55c61ded6d40_0;  1 drivers
v0x55c61ded6720_0 .var "cout", 0 0;
v0x55c61ded67f0_0 .net "op", 3 0, v0x55c61ded6f10_0;  1 drivers
v0x55c61ded68d0_0 .var "ov", 0 0;
v0x55c61ded69e0_0 .var "result", 7 0;
v0x55c61ded6ac0_0 .var "sign", 0 0;
E_0x55c61deb7ed0 .event edge, v0x55c61ded67f0_0, v0x55c61de7dda0_0, v0x55c61ded6640_0, v0x55c61ded69e0_0;
    .scope S_0x55c61debcd50;
T_0 ;
    %wait E_0x55c61deb7ed0;
    %load/vec4 v0x55c61ded67f0_0;
    %dup/vec4;
    %pushi/vec4 0, 0, 4;
    %cmp/u;
    %jmp/1 T_0.0, 6;
    %dup/vec4;
    %pushi/vec4 1, 0, 4;
    %cmp/u;
    %jmp/1 T_0.1, 6;
    %dup/vec4;
    %pushi/vec4 2, 0, 4;
    %cmp/u;
    %jmp/1 T_0.2, 6;
    %dup/vec4;
    %pushi/vec4 3, 0, 4;
    %cmp/u;
    %jmp/1 T_0.3, 6;
    %dup/vec4;
    %pushi/vec4 4, 0, 4;
    %cmp/u;
    %jmp/1 T_0.4, 6;
    %dup/vec4;
    %pushi/vec4 5, 0, 4;
    %cmp/u;
    %jmp/1 T_0.5, 6;
    %dup/vec4;
    %pushi/vec4 6, 0, 4;
    %cmp/u;
    %jmp/1 T_0.6, 6;
    %dup/vec4;
    %pushi/vec4 7, 0, 4;
    %cmp/u;
    %jmp/1 T_0.7, 6;
    %jmp T_0.8;
T_0.0 ;
    %load/vec4 v0x55c61de7dda0_0;
    %pad/u 9;
    %load/vec4 v0x55c61ded6640_0;
    %pad/u 9;
    %add;
    %split/vec4 8;
    %store/vec4 v0x55c61ded69e0_0, 0, 8;
    %store/vec4 v0x55c61ded6720_0, 0, 1;
    %jmp T_0.8;
T_0.1 ;
    %load/vec4 v0x55c61de7dda0_0;
    %pad/u 9;
    %load/vec4 v0x55c61ded6640_0;
    %pad/u 9;
    %sub;
    %split/vec4 8;
    %store/vec4 v0x55c61ded69e0_0, 0, 8;
    %store/vec4 v0x55c61ded6720_0, 0, 1;
    %jmp T_0.8;
T_0.2 ;
    %load/vec4 v0x55c61de7dda0_0;
    %pad/u 9;
    %load/vec4 v0x55c61ded6640_0;
    %pad/u 9;
    %and;
    %split/vec4 8;
    %store/vec4 v0x55c61ded69e0_0, 0, 8;
    %store/vec4 v0x55c61ded6720_0, 0, 1;
    %jmp T_0.8;
T_0.3 ;
    %load/vec4 v0x55c61de7dda0_0;
    %pad/u 9;
    %load/vec4 v0x55c61ded6640_0;
    %pad/u 9;
    %or;
    %split/vec4 8;
    %store/vec4 v0x55c61ded69e0_0, 0, 8;
    %store/vec4 v0x55c61ded6720_0, 0, 1;
    %jmp T_0.8;
T_0.4 ;
    %load/vec4 v0x55c61de7dda0_0;
    %pad/u 9;
    %load/vec4 v0x55c61ded6640_0;
    %pad/u 9;
    %xor;
    %split/vec4 8;
    %store/vec4 v0x55c61ded69e0_0, 0, 8;
    %store/vec4 v0x55c61ded6720_0, 0, 1;
    %jmp T_0.8;
T_0.5 ;
    %load/vec4 v0x55c61de7dda0_0;
    %pad/u 9;
    %inv;
    %split/vec4 8;
    %store/vec4 v0x55c61ded69e0_0, 0, 8;
    %store/vec4 v0x55c61ded6720_0, 0, 1;
    %jmp T_0.8;
T_0.6 ;
    %load/vec4 v0x55c61de7dda0_0;
    %pad/u 9;
    %ix/load 4, 1, 0;
    %flag_set/imm 4, 0;
    %shiftr 4;
    %split/vec4 8;
    %store/vec4 v0x55c61ded69e0_0, 0, 8;
    %store/vec4 v0x55c61ded6720_0, 0, 1;
    %jmp T_0.8;
T_0.7 ;
    %load/vec4 v0x55c61de7dda0_0;
    %pad/u 9;
    %ix/load 4, 1, 0;
    %flag_set/imm 4, 0;
    %shiftl 4;
    %split/vec4 8;
    %store/vec4 v0x55c61ded69e0_0, 0, 8;
    %store/vec4 v0x55c61ded6720_0, 0, 1;
    %jmp T_0.8;
T_0.8 ;
    %pop/vec4 1;
    %load/vec4 v0x55c61de7dda0_0;
    %parti/s 1, 7, 4;
    %pad/u 32;
    %pushi/vec4 1, 0, 32;
    %cmp/e;
    %flag_get/vec4 4;
    %load/vec4 v0x55c61ded6640_0;
    %parti/s 1, 7, 4;
    %pad/u 32;
    %pushi/vec4 1, 0, 32;
    %cmp/e;
    %flag_get/vec4 4;
    %and;
    %load/vec4 v0x55c61ded69e0_0;
    %parti/s 1, 7, 4;
    %pad/u 32;
    %pushi/vec4 0, 0, 32;
    %cmp/e;
    %flag_get/vec4 4;
    %and;
    %flag_set/vec4 8;
    %load/vec4 v0x55c61de7dda0_0;
    %parti/s 1, 7, 4;
    %pad/u 32;
    %pushi/vec4 0, 0, 32;
    %cmp/e;
    %flag_get/vec4 4;
    %load/vec4 v0x55c61ded6640_0;
    %parti/s 1, 7, 4;
    %pad/u 32;
    %pushi/vec4 0, 0, 32;
    %cmp/e;
    %flag_get/vec4 4;
    %and;
    %load/vec4 v0x55c61ded69e0_0;
    %parti/s 1, 7, 4;
    %pad/u 32;
    %pushi/vec4 1, 0, 32;
    %cmp/e;
    %flag_get/vec4 4;
    %and;
    %flag_set/vec4 9;
    %flag_or 9, 8;
    %jmp/0xz  T_0.9, 9;
    %pushi/vec4 1, 0, 1;
    %store/vec4 v0x55c61ded68d0_0, 0, 1;
    %jmp T_0.10;
T_0.9 ;
    %pushi/vec4 0, 0, 1;
    %store/vec4 v0x55c61ded68d0_0, 0, 1;
T_0.10 ;
    %load/vec4 v0x55c61ded69e0_0;
    %parti/s 1, 7, 4;
    %store/vec4 v0x55c61ded6ac0_0, 0, 1;
    %jmp T_0;
    .thread T_0, $push;
    .scope S_0x55c61debcb70;
T_1 ;
    %vpi_call 2 24 "$dumpfile", "wave.vcd" {0 0 0};
    %vpi_call 2 25 "$dumpvars", 32'sb00000000000000000000000000000000, S_0x55c61debcb70 {0 0 0};
    %pushi/vec4 0, 0, 4;
    %store/vec4 v0x55c61ded6f10_0, 0, 4;
    %pushi/vec4 128, 0, 8;
    %store/vec4 v0x55c61ded6c60_0, 0, 8;
    %pushi/vec4 129, 0, 8;
    %store/vec4 v0x55c61ded6d40_0, 0, 8;
    %delay 10, 0;
    %pushi/vec4 127, 0, 8;
    %store/vec4 v0x55c61ded6c60_0, 0, 8;
    %pushi/vec4 3, 0, 8;
    %store/vec4 v0x55c61ded6d40_0, 0, 8;
    %delay 10, 0;
    %pushi/vec4 127, 0, 8;
    %store/vec4 v0x55c61ded6c60_0, 0, 8;
    %pushi/vec4 131, 0, 8;
    %store/vec4 v0x55c61ded6d40_0, 0, 8;
    %delay 10, 0;
    %pushi/vec4 1, 0, 4;
    %store/vec4 v0x55c61ded6f10_0, 0, 4;
    %pushi/vec4 127, 0, 8;
    %store/vec4 v0x55c61ded6c60_0, 0, 8;
    %pushi/vec4 129, 0, 8;
    %store/vec4 v0x55c61ded6d40_0, 0, 8;
    %delay 10, 0;
    %pushi/vec4 128, 0, 8;
    %store/vec4 v0x55c61ded6c60_0, 0, 8;
    %pushi/vec4 129, 0, 8;
    %store/vec4 v0x55c61ded6d40_0, 0, 8;
    %delay 10, 0;
    %pushi/vec4 127, 0, 8;
    %store/vec4 v0x55c61ded6c60_0, 0, 8;
    %pushi/vec4 3, 0, 8;
    %store/vec4 v0x55c61ded6d40_0, 0, 8;
    %delay 10, 0;
    %pushi/vec4 2, 0, 4;
    %store/vec4 v0x55c61ded6f10_0, 0, 4;
    %delay 10, 0;
    %pushi/vec4 3, 0, 4;
    %store/vec4 v0x55c61ded6f10_0, 0, 4;
    %delay 10, 0;
    %pushi/vec4 4, 0, 4;
    %store/vec4 v0x55c61ded6f10_0, 0, 4;
    %delay 10, 0;
    %pushi/vec4 5, 0, 4;
    %store/vec4 v0x55c61ded6f10_0, 0, 4;
    %delay 10, 0;
    %pushi/vec4 6, 0, 4;
    %store/vec4 v0x55c61ded6f10_0, 0, 4;
    %delay 10, 0;
    %pushi/vec4 7, 0, 4;
    %store/vec4 v0x55c61ded6f10_0, 0, 4;
    %delay 10, 0;
    %end;
    .thread T_1;
# The file index is used to find the file name in the following table.
:file_names 4;
    "N/A";
    "<interactive>";
    "alu_tb.v";
    "./alu.v";
